<?xml version="1.0" encoding="UTF-8"?>
<!-- Generated by org.testng.reporters.JUnitReportReporter -->
<testsuite hostname="reyansh" failures="0" tests="1" name="com.bookstore.apitesting.testcases.GetAllBooks" time="0.475" errors="0" timestamp="2025-04-24T13:38:37 GMT-04:00" skipped="0">
  <testcase classname="com.bookstore.apitesting.testcases.GetAllBooks" name="testGetBooks" time="0.475"/>
  <system-out/>
</testsuite> <!-- com.bookstore.apitesting.testcases.GetAllBooks -->
